# JRE version: OpenJDK Runtime Environment Temurin-21.0.5+11 (21.0.5+11) (build 21.0.5+11-LTS)
# Java VM: OpenJDK 64-Bit Server VM Temurin-21.0.5+11 (21.0.5+11-LTS, mixed mode, sharing, tiered, compressed oops, compressed class ptrs, g1 gc, windows-amd64)
GC Precious Log:
 CardTable entry size: 512
 Card Set container configuration: InlinePtr #cards 5 size 8 Array Of Cards #cards 12 size 40 Howl #buckets 4 coarsen threshold 1843 Howl Bitmap #cards 512 size 80 coarsen threshold 460 Card regions per heap region 1 cards per card region 2048
 CPUs: 8 total, 8 available
 Memory: 8108M
 Large Page Support: Disabled
 NUMA Support: Disabled
 Compressed Oops: Enabled (32-bit)
 Heap Region Size: 1M
 Heap Min Capacity: 8M
 Heap Initial Capacity: 128M
 Heap Max Capacity: 2028M
 Pre-touch: Disabled
 Parallel Workers: 8
 Concurrent Workers: 2
 Concurrent Refinement Workers: 8
 Periodic GC: Disabled
Heap:
 garbage-first heap   total 48128K, used 24787K [0x0000000081400000, 0x0000000100000000)
  region size 1024K, 7 young (7168K), 2 survivors (2048K)
 Metaspace       used 37094K, committed 37568K, reserved 1114112K
  class space    used 4618K, committed 4864K, reserved 1048576K
GC Heap History (14 events):
Event: 1.715 GC heap before
{Heap before GC invocations=0 (full 0):
 garbage-first heap   total 131072K, used 25600K [0x0000000081400000, 0x0000000100000000)
  region size 1024K, 23 young (23552K), 0 survivors (0K)
 Metaspace       used 6737K, committed 6976K, reserved 1114112K
  class space    used 783K, committed 896K, reserved 1048576K
}
Event: 1.722 GC heap after
{Heap after GC invocations=1 (full 0):
 garbage-first heap   total 131072K, used 8042K [0x0000000081400000, 0x0000000100000000)
  region size 1024K, 3 young (3072K), 3 survivors (3072K)
 Metaspace       used 6737K, committed 6976K, reserved 1114112K
  class space    used 783K, committed 896K, reserved 1048576K
}
Event: 2.745 GC heap before
{Heap before GC invocations=1 (full 0):
 garbage-first heap   total 131072K, used 36714K [0x0000000081400000, 0x0000000100000000)
  region size 1024K, 31 young (31744K), 3 survivors (3072K)
 Metaspace       used 13799K, committed 14144K, reserved 1114112K
  class space    used 1824K, committed 1984K, reserved 1048576K
}
Event: 2.752 GC heap after
{Heap after GC invocations=2 (full 0):
 garbage-first heap   total 131072K, used 10600K [0x0000000081400000, 0x0000000100000000)
  region size 1024K, 3 young (3072K), 3 survivors (3072K)
 Metaspace       used 13799K, committed 14144K, reserved 1114112K
  class space    used 1824K, committed 1984K, reserved 1048576K
}
Event: 4.091 GC heap before
{Heap before GC invocations=2 (full 0):
 garbage-first heap   total 131072K, used 45416K [0x0000000081400000, 0x0000000100000000)
  region size 1024K, 38 young (38912K), 3 survivors (3072K)
 Metaspace       used 21263K, committed 21504K, reserved 1114112K
  class space    used 2642K, committed 2752K, reserved 1048576K
}
Event: 4.120 GC heap after
{Heap after GC invocations=3 (full 0):
 garbage-first heap   total 131072K, used 14089K [0x0000000081400000, 0x0000000100000000)
  region size 1024K, 6 young (6144K), 6 survivors (6144K)
 Metaspace       used 21263K, committed 21504K, reserved 1114112K
  class space    used 2642K, committed 2752K, reserved 1048576K
}
Event: 6.252 GC heap before
{Heap before GC invocations=4 (full 0):
 garbage-first heap   total 48128K, used 36617K [0x0000000081400000, 0x0000000100000000)
  region size 1024K, 28 young (28672K), 6 survivors (6144K)
 Metaspace       used 23719K, committed 24064K, reserved 1114112K
  class space    used 2950K, committed 3136K, reserved 1048576K
}
Event: 6.262 GC heap after
{Heap after GC invocations=5 (full 0):
 garbage-first heap   total 48128K, used 15880K [0x0000000081400000, 0x0000000100000000)
  region size 1024K, 3 young (3072K), 3 survivors (3072K)
 Metaspace       used 23719K, committed 24064K, reserved 1114112K
  class space    used 2950K, committed 3136K, reserved 1048576K
}
Event: 7.977 GC heap before
{Heap before GC invocations=5 (full 0):
 garbage-first heap   total 48128K, used 36360K [0x0000000081400000, 0x0000000100000000)
  region size 1024K, 23 young (23552K), 3 survivors (3072K)
 Metaspace       used 27085K, committed 27520K, reserved 1114112K
  class space    used 3393K, committed 3584K, reserved 1048576K
}
Event: 8.020 GC heap after
{Heap after GC invocations=6 (full 0):
 garbage-first heap   total 48128K, used 17554K [0x0000000081400000, 0x0000000100000000)
  region size 1024K, 2 young (2048K), 2 survivors (2048K)
 Metaspace       used 27085K, committed 27520K, reserved 1114112K
  class space    used 3393K, committed 3584K, reserved 1048576K
}
Event: 10.056 GC heap before
{Heap before GC invocations=6 (full 0):
 garbage-first heap   total 48128K, used 38034K [0x0000000081400000, 0x0000000100000000)
  region size 1024K, 22 young (22528K), 2 survivors (2048K)
 Metaspace       used 31044K, committed 31488K, reserved 1114112K
  class space    used 3945K, committed 4160K, reserved 1048576K
}
Event: 10.069 GC heap after
{Heap after GC invocations=7 (full 0):
 garbage-first heap   total 48128K, used 20190K [0x0000000081400000, 0x0000000100000000)
  region size 1024K, 3 young (3072K), 3 survivors (3072K)
 Metaspace       used 31044K, committed 31488K, reserved 1114112K
  class space    used 3945K, committed 4160K, reserved 1048576K
}
Event: 11.061 GC heap before
{Heap before GC invocations=7 (full 0):
 garbage-first heap   total 48128K, used 37598K [0x0000000081400000, 0x0000000100000000)
  region size 1024K, 21 young (21504K), 3 survivors (3072K)
 Metaspace       used 35814K, committed 36288K, reserved 1114112K
  class space    used 4438K, committed 4672K, reserved 1048576K
}
Event: 11.070 GC heap after
{Heap after GC invocations=8 (full 0):
 garbage-first heap   total 48128K, used 21715K [0x0000000081400000, 0x0000000100000000)
  region size 1024K, 2 young (2048K), 2 survivors (2048K)
 Metaspace       used 35814K, committed 36288K, reserved 1114112K
  class space    used 4438K, committed 4672K, reserved 1048576K
}

